2022-02-06 20:32:55 info: =================================
2022-02-06 20:32:55 info: ======= ENV: development =======
2022-02-06 20:32:55 info: 🚀 App listening on the port 3000
2022-02-06 20:32:55 info: =================================
2022-02-06 20:39:18 info: =================================
2022-02-06 20:39:18 info: ======= ENV: development =======
2022-02-06 20:39:18 info: 🚀 App listening on the port 3000
2022-02-06 20:39:18 info: =================================
2022-02-06 20:39:51 info: [0mGET / [33m404[0m 51.811 ms - 26[0m
2022-02-06 20:39:54 info: [0mGET //users [33m404[0m 2.848 ms - 26[0m
2022-02-06 20:39:57 info: [0mGET /users [33m404[0m 1.394 ms - 26[0m
2022-02-06 20:40:06 info: [0mGET /api/users [33m404[0m 1.676 ms - 26[0m
2022-02-06 20:40:49 info: =================================
2022-02-06 20:40:49 info: ======= ENV: development =======
2022-02-06 20:40:49 info: 🚀 App listening on the port 3000
2022-02-06 20:40:49 info: =================================
2022-02-06 20:41:11 info: =================================
2022-02-06 20:41:11 info: ======= ENV: development =======
2022-02-06 20:41:11 info: 🚀 App listening on the port 3000
2022-02-06 20:41:11 info: =================================
2022-02-06 20:41:16 info: [0mGET /api/users [33m404[0m 12.670 ms - 26[0m
2022-02-06 20:41:17 info: [0mGET /favicon.ico [33m404[0m 2.344 ms - 26[0m
2022-02-06 20:41:23 info: [0mGET / [33m404[0m 1.633 ms - 26[0m
2022-02-06 20:41:35 info: [0mGET /index.html [33m404[0m 2.779 ms - 26[0m
2022-02-06 20:45:08 info: =================================
2022-02-06 20:45:08 info: ======= ENV: development =======
2022-02-06 20:45:08 info: 🚀 App listening on the port 3000
2022-02-06 20:45:08 info: =================================
2022-02-06 20:58:49 info: =================================
2022-02-06 20:58:49 info: ======= ENV: development =======
2022-02-06 20:58:49 info: 🚀 App listening on the port 3000
2022-02-06 20:58:49 info: =================================
2022-02-06 20:59:08 info: [0mGET / [32m200[0m 15.009 ms - 1013[0m
2022-02-06 20:59:17 info: [0mGET /users [33m404[0m 9.444 ms - 26[0m
2022-02-06 20:59:19 info: [0mGET /user [33m404[0m 1.904 ms - 26[0m
2022-02-06 20:59:24 info: [0mGET /login [33m404[0m 1.674 ms - 26[0m
2022-02-06 20:59:44 info: [0mGET / [36m304[0m 1.252 ms - -[0m
2022-02-06 21:00:16 info: [0mGET / [32m200[0m 1.082 ms - 990[0m
2022-02-06 21:01:05 info: =================================
2022-02-06 21:01:05 info: ======= ENV: development =======
2022-02-06 21:01:05 info: 🚀 App listening on the port 3000
2022-02-06 21:01:05 info: =================================
2022-02-06 21:02:05 info: [0mGET / [36m304[0m 5.890 ms - -[0m
2022-02-06 21:02:21 info: [0mGET /uers [33m404[0m 9.433 ms - 26[0m
2022-02-06 21:02:24 info: [0mGET /uers [33m404[0m 2.181 ms - 26[0m
2022-02-06 21:02:40 info: [0mGET /users [33m404[0m 1.184 ms - 26[0m
2022-02-06 21:02:48 info: [0mGET /users [33m404[0m 1.287 ms - 26[0m
2022-02-06 21:03:57 info: =================================
2022-02-06 21:03:57 info: ======= ENV: development =======
2022-02-06 21:03:57 info: 🚀 App listening on the port 3000
2022-02-06 21:03:57 info: =================================
2022-02-06 21:04:01 info: [0mGET /users [32m200[0m 1015.274 ms - 2[0m
2022-02-06 21:04:08 info: [0mGET /users [36m304[0m 1006.476 ms - -[0m
2022-02-06 21:04:11 info: [0mGET /users [36m304[0m 1004.890 ms - -[0m
2022-02-06 21:05:39 info: =================================
2022-02-06 21:05:39 info: ======= ENV: development =======
2022-02-06 21:05:39 info: 🚀 App listening on the port 3000
2022-02-06 21:05:39 info: =================================
2022-02-06 21:05:41 info: [0mGET /users [32m200[0m 1016.208 ms - 78[0m
2022-02-06 21:20:36 info: =================================
2022-02-06 21:20:36 info: ======= ENV: development =======
2022-02-06 21:20:36 info: 🚀 App listening on the port 3000
2022-02-06 21:20:36 info: =================================
2022-02-06 21:20:43 info: =================================
2022-02-06 21:20:43 info: ======= ENV: development =======
2022-02-06 21:20:43 info: 🚀 App listening on the port 3000
2022-02-06 21:20:43 info: =================================
2022-02-06 21:21:24 info: =================================
2022-02-06 21:21:24 info: ======= ENV: development =======
2022-02-06 21:21:24 info: 🚀 App listening on the port 3000
2022-02-06 21:21:24 info: =================================
2022-02-06 21:21:31 info: =================================
2022-02-06 21:21:31 info: ======= ENV: development =======
2022-02-06 21:21:31 info: 🚀 App listening on the port 3000
2022-02-06 21:21:31 info: =================================
2022-02-06 21:21:37 info: =================================
2022-02-06 21:21:37 info: ======= ENV: development =======
2022-02-06 21:21:37 info: 🚀 App listening on the port 3000
2022-02-06 21:21:37 info: =================================
2022-02-06 21:31:03 info: =================================
2022-02-06 21:31:03 info: ======= ENV: development =======
2022-02-06 21:31:03 info: 🚀 App listening on the port 3000
2022-02-06 21:31:03 info: =================================
2022-02-06 21:31:41 info: =================================
2022-02-06 21:31:41 info: ======= ENV: development =======
2022-02-06 21:31:41 info: 🚀 App listening on the port 3000
2022-02-06 21:31:41 info: =================================
2022-02-06 21:31:51 info: [0mGET / [36m304[0m 15.720 ms - -[0m
2022-02-06 21:31:56 info: [0mGET /users [32m200[0m 12.765 ms - 2[0m
2022-02-06 21:32:13 info: =================================
2022-02-06 21:32:13 info: ======= ENV: development =======
2022-02-06 21:32:13 info: 🚀 App listening on the port 3000
2022-02-06 21:32:13 info: =================================
2022-02-06 21:32:17 info: [0mGET /users [36m304[0m 14.871 ms - -[0m
2022-02-06 21:32:18 info: [0mGET /users [36m304[0m 4.209 ms - -[0m
2022-02-06 21:32:42 info: [0mGET /users/1 [33m404[0m 7.199 ms - 136[0m
2022-02-06 21:33:18 info: =================================
2022-02-06 21:33:18 info: ======= ENV: development =======
2022-02-06 21:33:18 info: 🚀 App listening on the port 3000
2022-02-06 21:33:18 info: =================================
2022-02-06 21:39:52 info: =================================
2022-02-06 21:39:52 info: ======= ENV: development =======
2022-02-06 21:39:52 info: 🚀 App listening on the port 3000
2022-02-06 21:39:52 info: =================================
2022-02-06 21:46:56 info: =================================
2022-02-06 21:46:56 info: ======= ENV: development =======
2022-02-06 21:46:56 info: 🚀 App listening on the port 3000
2022-02-06 21:46:56 info: =================================
2022-02-06 21:47:02 info: =================================
2022-02-06 21:47:02 info: ======= ENV: development =======
2022-02-06 21:47:02 info: 🚀 App listening on the port 3000
2022-02-06 21:47:02 info: =================================
2022-02-06 21:47:05 info: =================================
2022-02-06 21:47:05 info: ======= ENV: development =======
2022-02-06 21:47:05 info: 🚀 App listening on the port 3000
2022-02-06 21:47:05 info: =================================
2022-02-06 21:47:11 info: [0mGET /users/1 [33m404[0m 10.208 ms - 26[0m
2022-02-06 21:47:14 info: [0mGET /users/1 [33m404[0m 2.930 ms - 26[0m
2022-02-06 21:47:29 info: [0mGET /users [32m200[0m 1007.673 ms - 4[0m
2022-02-06 21:47:31 info: [0mGET /users [36m304[0m 1007.980 ms - -[0m
2022-02-06 21:52:01 info: [0mPOST /auth/register [32m200[0m 1023.615 ms - 28[0m
2022-02-06 21:52:13 info: [0mGET /users [36m304[0m 1005.335 ms - -[0m
2022-02-06 21:52:17 info: [0mGET /users [36m304[0m 1007.178 ms - -[0m
2022-02-06 21:52:21 info: [0mGET /users [32m200[0m 1006.693 ms - 4[0m
2022-02-06 21:52:55 info: [0mGET /users [36m304[0m 1005.153 ms - -[0m
