2022-02-20 15:34:50 info: =================================
2022-02-20 15:34:50 info: ======= ENV: development =======
2022-02-20 15:34:50 info: 🚀 App listening on the port 3000
2022-02-20 15:34:50 info: =================================
2022-02-20 15:39:42 info: =================================
2022-02-20 15:39:42 info: ======= ENV: development =======
2022-02-20 15:39:42 info: 🚀 App listening on the port 3000
2022-02-20 15:39:42 info: =================================
2022-02-20 15:41:19 info: =================================
2022-02-20 15:41:19 info: ======= ENV: development =======
2022-02-20 15:41:19 info: 🚀 App listening on the port 3000
2022-02-20 15:41:19 info: =================================
2022-02-20 15:41:41 info: [0mGET / [32m200[0m 12.779 ms - 990[0m
2022-02-20 15:41:54 info: 登录: [object Object]
2022-02-20 15:41:54 info: [0mPOST /auth/login [33m404[0m 25.621 ms - 26[0m
2022-02-20 15:42:57 info: [0mGET /users [32m200[0m 1014.770 ms - 4[0m
2022-02-20 15:43:25 info: =================================
2022-02-20 15:43:25 info: ======= ENV: development =======
2022-02-20 15:43:25 info: 🚀 App listening on the port 3000
2022-02-20 15:43:25 info: =================================
2022-02-20 15:45:04 info: =================================
2022-02-20 15:45:04 info: ======= ENV: development =======
2022-02-20 15:45:04 info: 🚀 App listening on the port 3000
2022-02-20 15:45:04 info: =================================
2022-02-20 15:45:24 info: 登录: [object Object]
2022-02-20 15:45:24 info: [0mPOST /auth/login [33m404[0m 20.441 ms - 26[0m
2022-02-20 15:47:23 info: =================================
2022-02-20 15:47:23 info: ======= ENV: development =======
2022-02-20 15:47:23 info: 🚀 App listening on the port 3000
2022-02-20 15:47:23 info: =================================
2022-02-20 15:47:28 info: =================================
2022-02-20 15:47:28 info: ======= ENV: development =======
2022-02-20 15:47:28 info: 🚀 App listening on the port 3000
2022-02-20 15:47:28 info: =================================
2022-02-20 15:47:48 info: 登录: admin
2022-02-20 15:47:48 info: [0mPOST /auth/login [33m404[0m 30.363 ms - 26[0m
2022-02-20 15:49:03 info: =================================
2022-02-20 15:49:03 info: ======= ENV: development =======
2022-02-20 15:49:03 info: 🚀 App listening on the port 3000
2022-02-20 15:49:03 info: =================================
2022-02-20 15:49:08 info: 登录: admin
2022-02-20 15:49:08 info: [0mPOST /auth/login [32m200[0m 31.963 ms - 43[0m
2022-02-20 15:54:03 info: [0mGET / [32m200[0m 3.510 ms - 994[0m
2022-02-20 15:54:04 info: [0mGET /favicon.ico [33m404[0m 10.520 ms - 26[0m
2022-02-20 15:54:12 info: [0mGET / [36m304[0m 1.153 ms - -[0m
2022-02-20 15:54:13 info: [0mGET / [36m304[0m 0.543 ms - -[0m
2022-02-20 15:56:32 info: =================================
2022-02-20 15:56:32 info: ======= ENV: development =======
2022-02-20 15:56:32 info: 🚀 App listening on the port 3000
2022-02-20 15:56:32 info: =================================
2022-02-20 15:56:33 info: [0mGET / [36m304[0m 4.054 ms - -[0m
2022-02-20 15:56:44 info: =================================
2022-02-20 15:56:44 info: ======= ENV: development =======
2022-02-20 15:56:44 info: 🚀 App listening on the port 3000
2022-02-20 15:56:44 info: =================================
2022-02-20 15:57:00 info: [0mGET /ddd [33m404[0m 10.650 ms - 26[0m
2022-02-20 15:57:47 info: =================================
2022-02-20 15:57:47 info: ======= ENV: development =======
2022-02-20 15:57:47 info: 🚀 App listening on the port 3000
2022-02-20 15:57:47 info: =================================
2022-02-20 15:57:49 info: [0mGET /ddd [33m404[0m 10.854 ms - 35[0m
2022-02-20 15:58:26 info: [0mGET / [36m304[0m 1.968 ms - -[0m
2022-02-20 16:05:45 info: =================================
2022-02-20 16:05:45 info: ======= ENV: development =======
2022-02-20 16:05:45 info: 🚀 App listening on the port 3000
2022-02-20 16:05:45 info: =================================
2022-02-20 16:06:12 info: =================================
2022-02-20 16:06:12 info: ======= ENV: development =======
2022-02-20 16:06:12 info: 🚀 App listening on the port 3000
2022-02-20 16:06:12 info: =================================
2022-02-20 16:09:40 info: =================================
2022-02-20 16:09:40 info: ======= ENV: development =======
2022-02-20 16:09:40 info: 🚀 App listening on the port 3000
2022-02-20 16:09:40 info: =================================
2022-02-20 16:09:42 info: [0mGET / [36m304[0m 4.206 ms - -[0m
2022-02-20 16:09:46 info: [0mGET / [36m304[0m 1.024 ms - -[0m
2022-02-20 16:09:47 info: [0mGET / [36m304[0m 0.468 ms - -[0m
2022-02-20 16:09:49 info: [0mGET / [36m304[0m 0.714 ms - -[0m
2022-02-20 16:10:01 info: =================================
2022-02-20 16:10:01 info: ======= ENV: development =======
2022-02-20 16:10:01 info: 🚀 App listening on the port 3000
2022-02-20 16:10:01 info: =================================
2022-02-20 16:10:08 info: =================================
2022-02-20 16:10:08 info: ======= ENV: development =======
2022-02-20 16:10:08 info: 🚀 App listening on the port 3000
2022-02-20 16:10:08 info: =================================
2022-02-20 16:10:12 info: [0mGET / [36m304[0m 5.012 ms - -[0m
2022-02-20 16:10:22 info: =================================
2022-02-20 16:10:22 info: ======= ENV: development =======
2022-02-20 16:10:22 info: 🚀 App listening on the port 3000
2022-02-20 16:10:22 info: =================================
2022-02-20 16:10:23 info: [0mGET / [36m304[0m 5.276 ms - -[0m
2022-02-20 16:10:26 info: [0mGET / [36m304[0m 0.894 ms - -[0m
2022-02-20 16:10:40 info: =================================
2022-02-20 16:10:40 info: ======= ENV: development =======
2022-02-20 16:10:40 info: 🚀 App listening on the port 3000
2022-02-20 16:10:40 info: =================================
2022-02-20 16:10:55 info: [0mGET / [32m200[0m 6.238 ms - 996[0m
2022-02-20 16:11:22 info: =================================
2022-02-20 16:11:22 info: ======= ENV: development =======
2022-02-20 16:11:22 info: 🚀 App listening on the port 3000
2022-02-20 16:11:22 info: =================================
2022-02-20 16:11:29 info: =================================
2022-02-20 16:11:29 info: ======= ENV: development =======
2022-02-20 16:11:29 info: 🚀 App listening on the port 3000
2022-02-20 16:11:29 info: =================================
2022-02-20 16:11:49 info: [0mGET / [32m200[0m 6.109 ms - 426[0m
2022-02-20 16:11:49 info: [0mGET /app.js [32m200[0m 1.981 ms - 604[0m
2022-02-20 16:11:49 info: [0mGET /app.js [32m200[0m 1.778 ms - 604[0m
2022-02-20 16:11:51 info: 登录: admin
2022-02-20 16:11:51 info: [0mPOST /auth/login [32m200[0m 36.820 ms - 37[0m
2022-02-20 16:12:15 info: [0mPOST /auth/logout [32m200[0m 4.486 ms - 24[0m
2022-02-20 16:12:16 info: 登录: admin
2022-02-20 16:12:16 info: [0mPOST /auth/login [32m200[0m 4.128 ms - 37[0m
2022-02-20 16:12:17 info: [0mPOST /auth/logout [32m200[0m 3.201 ms - 24[0m
2022-02-20 16:12:17 info: 登录: admin
2022-02-20 16:12:17 info: [0mPOST /auth/login [32m200[0m 4.694 ms - 37[0m
2022-02-20 16:12:19 info: [0mGET / [36m304[0m 1.404 ms - -[0m
2022-02-20 16:12:20 info: [0mGET /app.js [36m304[0m 1.133 ms - -[0m
2022-02-20 16:12:21 info: 登录: admin
2022-02-20 16:12:21 info: [0mPOST /auth/login [32m200[0m 5.514 ms - 37[0m
2022-02-20 16:12:57 info: =================================
2022-02-20 16:12:57 info: ======= ENV: development =======
2022-02-20 16:12:57 info: 🚀 App listening on the port 3000
2022-02-20 16:12:57 info: =================================
2022-02-20 16:12:58 info: [0mGET / [36m304[0m 7.006 ms - -[0m
2022-02-20 16:12:58 info: [0mGET /app.js [32m200[0m 3.353 ms - 638[0m
2022-02-20 16:12:58 info: [0mGET /app.js [32m200[0m 4.371 ms - 638[0m
2022-02-20 16:12:58 info: 登录: admin
2022-02-20 16:12:58 info: [0mPOST /auth/login [32m200[0m 23.264 ms - 20[0m
2022-02-20 16:14:10 info: =================================
2022-02-20 16:14:10 info: ======= ENV: development =======
2022-02-20 16:14:10 info: 🚀 App listening on the port 3000
2022-02-20 16:14:10 info: =================================
2022-02-20 16:14:17 info: =================================
2022-02-20 16:14:17 info: ======= ENV: development =======
2022-02-20 16:14:17 info: 🚀 App listening on the port 3000
2022-02-20 16:14:17 info: =================================
2022-02-20 16:14:17 info: [0mGET / [36m304[0m 6.144 ms - -[0m
2022-02-20 16:14:17 info: [0mGET /app.js [36m304[0m 4.561 ms - -[0m
2022-02-20 16:14:18 info: 登录: admin
2022-02-20 16:14:18 info: [0mPOST /auth/login [32m200[0m 23.031 ms - 59[0m
2022-02-20 19:11:28 info: [0mPOST /auth/logout [32m200[0m 8.686 ms - 24[0m
2022-02-20 19:11:29 info: 登录: admin
2022-02-20 19:11:29 info: [0mPOST /auth/login [32m200[0m 4.846 ms - 59[0m
2022-02-20 19:11:29 info: [0mPOST /auth/logout [32m200[0m 3.565 ms - 24[0m
2022-02-20 19:11:30 info: 登录: admin
2022-02-20 19:11:30 info: [0mPOST /auth/login [32m200[0m 3.620 ms - 59[0m
2022-02-20 19:11:32 info: [0mPOST /auth/logout [32m200[0m 3.537 ms - 24[0m
2022-02-20 19:12:27 info: =================================
2022-02-20 19:12:27 info: ======= ENV: development =======
2022-02-20 19:12:27 info: 🚀 App listening on the port 3000
2022-02-20 19:12:27 info: =================================
2022-02-20 19:12:40 info: 登录: admin
2022-02-20 19:12:40 info: [0mPOST /auth/login [32m200[0m 34.661 ms - 59[0m
2022-02-20 19:12:41 info: [0mPOST /auth/logout [32m200[0m 3.856 ms - 29[0m
2022-02-20 19:12:42 info: 登录: admin
2022-02-20 19:12:42 info: [0mPOST /auth/login [32m200[0m 3.315 ms - 59[0m
2022-02-20 19:12:43 info: [0mPOST /auth/logout [32m200[0m 3.321 ms - 29[0m
2022-02-20 19:12:44 info: 登录: admin
2022-02-20 19:12:44 info: [0mPOST /auth/login [32m200[0m 4.769 ms - 59[0m
2022-02-20 19:13:27 info: =================================
2022-02-20 19:13:27 info: ======= ENV: development =======
2022-02-20 19:13:27 info: 🚀 App listening on the port 3000
2022-02-20 19:13:27 info: =================================
2022-02-20 19:13:31 info: [0mPOST /auth/logout [32m200[0m 22.529 ms - 29[0m
2022-02-20 19:13:31 info: 登录: admin
2022-02-20 19:13:31 info: [0mPOST /auth/login [32m200[0m 4.963 ms - 59[0m
2022-02-20 19:13:33 info: [0mPOST /auth/logout [32m200[0m 3.272 ms - 29[0m
2022-02-20 19:13:35 info: 登录: admin
2022-02-20 19:13:35 info: [0mPOST /auth/login [32m200[0m 3.756 ms - 59[0m
2022-02-20 19:22:57 info: [0mPOST /auth/logout [32m200[0m 4.522 ms - 29[0m
2022-02-20 19:22:58 info: 登录: admin
2022-02-20 19:22:58 info: [0mPOST /auth/login [32m200[0m 4.569 ms - 59[0m
2022-02-20 19:22:59 info: [0mGET / [36m304[0m 2.825 ms - -[0m
2022-02-20 19:22:59 info: [0mGET /app.js [36m304[0m 1.480 ms - -[0m
2022-02-20 19:22:59 info: [0mGET /app.js [36m304[0m 0.656 ms - -[0m
2022-02-20 19:23:00 info: 登录: admin
2022-02-20 19:23:00 info: [0mPOST /auth/login [32m200[0m 3.763 ms - 59[0m
2022-02-20 19:23:07 info: [0mGET / [36m304[0m 2.702 ms - -[0m
2022-02-20 19:23:07 info: [0mGET /app.js [36m304[0m 1.140 ms - -[0m
2022-02-20 19:23:10 info: 登录: admin
2022-02-20 19:23:10 info: [0mPOST /auth/login [32m200[0m 3.658 ms - 59[0m
2022-02-20 19:23:33 info: 登录: admin
2022-02-20 19:23:33 info: [0mPOST /auth/login [32m200[0m 3.562 ms - 43[0m
2022-02-20 19:23:41 info: 登录: admin
2022-02-20 19:23:41 info: [0mPOST /auth/login [32m200[0m 3.268 ms - 59[0m
2022-02-20 19:23:48 info: [0mPOST /auth/register [32m200[0m 1004.604 ms - 28[0m
2022-02-20 19:24:27 info: [0mPOST /auth/register [33m400[0m 1003.662 ms - 37[0m
2022-02-20 19:24:28 info: [0mPOST /auth/register [33m400[0m 1002.898 ms - 37[0m
2022-02-20 19:25:24 info: =================================
2022-02-20 19:25:24 info: ======= ENV: development =======
2022-02-20 19:25:24 info: 🚀 App listening on the port 3000
2022-02-20 19:25:24 info: =================================
2022-02-20 19:27:01 info: [0mPOST /auth/register [32m200[0m 1030.273 ms - 28[0m
2022-02-20 19:27:07 info: [0mPOST /auth/register [33m400[0m 1008.139 ms - 33[0m
